<?xml version="1.0" encoding="UTF-8"?>
<!-- Generated by org.testng.reporters.JUnitReportReporter -->
<testsuite hostname="LAPTOP-76HAPQ6V" failures="0" tests="4" name="TestNG.TestNG_ParallelExecutin1" time="24.337" errors="0" timestamp="2023-08-24T15:13:29 IST" skipped="0">
  <testcase classname="TestNG.TestNG_ParallelExecutin1" name="TC1" time="5.812"/>
  <system-out/>
  <testcase classname="TestNG.TestNG_ParallelExecutin1" name="TC2" time="6.237"/>
  <system-out/>
  <testcase classname="TestNG.TestNG_ParallelExecutin1" name="TC2" time="6.429"/>
  <system-out/>
  <testcase classname="TestNG.TestNG_ParallelExecutin1" name="TC1" time="5.859"/>
  <system-out/>
</testsuite> <!-- TestNG.TestNG_ParallelExecutin1 -->
