<?xml version="1.0" encoding="UTF-8"?>
<!-- Generated by org.testng.reporters.JUnitReportReporter -->
<testsuite hostname="LAPTOP-76HAPQ6V" failures="0" tests="3" name="TestNG.KeyWord_4_Enabled" time="0.007" errors="0" timestamp="2023-08-23T23:06:23 IST" skipped="1">
  <testcase classname="TestNG.KeyWord_4_Enabled" name="TC1" time="0.006"/>
  <system-out>
    <![CDATA[TC1 pass]]>
  </system-out>
  <testcase classname="TestNG.KeyWord_4_Enabled" name="TC3" time="0.001"/>
  <system-out>
    <![CDATA[TC3 pass]]>
  </system-out>
  <testcase classname="TestNG.KeyWord_4_Enabled" name="TC2">
    <skipped/>
  </testcase> <!-- TC2 -->
  <system-out/>
</testsuite> <!-- TestNG.KeyWord_4_Enabled -->
