<?xml version="1.0" encoding="UTF-8"?>
<!-- Generated by org.testng.reporters.JUnitReportReporter -->
<testsuite hostname="LAPTOP-76HAPQ6V" failures="0" tests="2" name="TestNG.TestNG_Grouping2" time="0.011" errors="0" timestamp="2023-08-24T15:26:10 IST" skipped="0">
  <testcase classname="TestNG.TestNG_Grouping2" name="TC1" time="0.010"/>
  <system-out>
    <![CDATA[Running TC1]]>
  </system-out>
  <testcase classname="TestNG.TestNG_Grouping2" name="TC3" time="0.001"/>
  <system-out>
    <![CDATA[Running TC3]]>
  </system-out>
</testsuite> <!-- TestNG.TestNG_Grouping2 -->
