<?xml version="1.0" encoding="UTF-8"?>
<!-- Generated by org.testng.reporters.JUnitReportReporter -->
<testsuite hostname="LAPTOP-76HAPQ6V" failures="0" tests="1" name="TestNG.TestNG_DiableTCExecutionFromTestSuite2" time="0.007" errors="0" timestamp="2023-08-24T13:34:30 IST" skipped="0">
  <testcase classname="TestNG.TestNG_DiableTCExecutionFromTestSuite2" name="TC3" time="0.007"/>
  <system-out>
    <![CDATA[Running TC3]]>
  </system-out>
</testsuite> <!-- TestNG.TestNG_DiableTCExecutionFromTestSuite2 -->
