<?xml version="1.0" encoding="UTF-8"?>
<!-- Generated by org.testng.reporters.JUnitReportReporter -->
<testsuite hostname="LAPTOP-76HAPQ6V" failures="0" tests="5" name="TestNG.Keyword" time="0.011" errors="0" timestamp="2023-08-23T22:50:45 IST" skipped="0">
  <testcase classname="TestNG.Keyword" name="TC1" time="0.001"/>
  <system-out>
    <![CDATA[TC1 is pass]]>
  </system-out>
  <testcase classname="TestNG.Keyword" name="TC1" time="0.001"/>
  <system-out>
    <![CDATA[TC1 is pass]]>
  </system-out>
  <testcase classname="TestNG.Keyword" name="TC1" time="0.001"/>
  <system-out>
    <![CDATA[TC1 is pass]]>
  </system-out>
  <testcase classname="TestNG.Keyword" name="TC1" time="0.007"/>
  <system-out>
    <![CDATA[TC1 is pass]]>
  </system-out>
  <testcase classname="TestNG.Keyword" name="TC1" time="0.001"/>
  <system-out>
    <![CDATA[TC1 is pass]]>
  </system-out>
</testsuite> <!-- TestNG.Keyword -->
