<?xml version="1.0" encoding="UTF-8"?>
<!-- Generated by org.testng.reporters.JUnitReportReporter -->
<testsuite hostname="LAPTOP-76HAPQ6V" failures="0" tests="1" name="POM_DDF_TestNG.T1_LoginTest" time="13.996" errors="0" timestamp="2023-08-25T15:26:57 IST" skipped="0">
  <testcase classname="POM_DDF_TestNG.T1_LoginTest" name="VerifyName" time="13.996"/>
  <system-out/>
</testsuite> <!-- POM_DDF_TestNG.T1_LoginTest -->
