<?xml version="1.0" encoding="UTF-8"?>
<!-- Generated by org.testng.reporters.JUnitReportReporter -->
<testsuite hostname="LAPTOP-76HAPQ6V" failures="0" tests="2" name="TestNG.TestNG_DisableExedutionFromTestSuit" time="0.007" errors="0" timestamp="2023-08-24T13:17:11 IST" skipped="0">
  <testcase classname="TestNG.TestNG_DisableExedutionFromTestSuit" name="TC3" time="0.001"/>
  <system-out>
    <![CDATA[Running TC3]]>
  </system-out>
  <testcase classname="TestNG.TestNG_DisableExedutionFromTestSuit" name="TC1" time="0.006"/>
  <system-out>
    <![CDATA[Running TC1]]>
  </system-out>
</testsuite> <!-- TestNG.TestNG_DisableExedutionFromTestSuit -->
