<?xml version="1.0" encoding="UTF-8"?>
<!-- Generated by org.testng.reporters.JUnitReportReporter -->
<testsuite hostname="LAPTOP-76HAPQ6V" failures="0" tests="3" name="TestNG.TestNG_Grouping1" time="0.002" errors="0" timestamp="2023-08-24T15:26:10 IST" skipped="0">
  <testcase classname="TestNG.TestNG_Grouping1" name="TC2" time="0.001"/>
  <system-out>
    <![CDATA[Running TC2]]>
  </system-out>
  <testcase classname="TestNG.TestNG_Grouping1" name="TC1" time="0.001"/>
  <system-out>
    <![CDATA[Running TC1]]>
  </system-out>
  <testcase classname="TestNG.TestNG_Grouping1" name="TC3" time="0.000"/>
  <system-out>
    <![CDATA[Running TC3]]>
  </system-out>
</testsuite> <!-- TestNG.TestNG_Grouping1 -->
