<?xml version="1.0" encoding="UTF-8"?>
<!-- Generated by org.testng.reporters.JUnitReportReporter -->
<testsuite hostname="LAPTOP-76HAPQ6V" failures="0" tests="2" name="TestNG.TestNG_ParallelExecution2" time="15.531" errors="0" timestamp="2023-08-24T14:59:33 IST" skipped="0">
  <testcase classname="TestNG.TestNG_ParallelExecution2" name="TC3" time="11.407"/>
  <system-out/>
  <testcase classname="TestNG.TestNG_ParallelExecution2" name="TC4" time="4.124"/>
  <system-out/>
</testsuite> <!-- TestNG.TestNG_ParallelExecution2 -->
