<?xml version="1.0" encoding="UTF-8"?>
<!-- Generated by org.testng.reporters.JUnitReportReporter -->
<testsuite hostname="LAPTOP-76HAPQ6V" failures="0" tests="3" name="TestNG.Keyword_1_Priority" time="0.009" errors="0" timestamp="2023-08-23T22:59:56 IST" skipped="0">
  <testcase classname="TestNG.Keyword_1_Priority" name="TC1" time="0.007"/>
  <system-out>
    <![CDATA[TC1 Pass]]>
  </system-out>
  <testcase classname="TestNG.Keyword_1_Priority" name="TC2" time="0.001"/>
  <system-out>
    <![CDATA[TC2 Pass]]>
  </system-out>
  <testcase classname="TestNG.Keyword_1_Priority" name="TC3" time="0.001"/>
  <system-out>
    <![CDATA[Tc3 Pass]]>
  </system-out>
</testsuite> <!-- TestNG.Keyword_1_Priority -->
