<?xml version="1.0" encoding="UTF-8"?>
<!-- Generated by org.testng.reporters.JUnitReportReporter -->
<testsuite hostname="LAPTOP-76HAPQ6V" failures="0" tests="1" name="POM_DDF_TestNG_Utilitylass_BaseClass.LoginTest" time="12.943" errors="0" timestamp="2023-08-28T23:28:14 IST" skipped="0">
  <testcase classname="POM_DDF_TestNG_Utilitylass_BaseClass.LoginTest" name="verifyname" time="12.943"/>
  <system-out/>
</testsuite> <!-- POM_DDF_TestNG_Utilitylass_BaseClass.LoginTest -->
