<?xml version="1.0" encoding="UTF-8"?>
<!-- Generated by org.testng.reporters.JUnitReportReporter -->
<testsuite hostname="LAPTOP-76HAPQ6V" failures="0" tests="3" name="TestNG.dependson" time="0.009" errors="0" timestamp="2023-08-23T23:15:18 IST" skipped="0">
  <testcase classname="TestNG.dependson" name="login" time="0.007"/>
  <system-out>
    <![CDATA[LOGIN Pass]]>
  </system-out>
  <testcase classname="TestNG.dependson" name="logout" time="0.001"/>
  <system-out>
    <![CDATA[logout Pass]]>
  </system-out>
  <testcase classname="TestNG.dependson" name="TC2" time="0.001"/>
  <system-out>
    <![CDATA[Tc1 Pass]]>
  </system-out>
</testsuite> <!-- TestNG.dependson -->
