<?xml version="1.0" encoding="UTF-8"?>
<!-- Generated by org.testng.reporters.JUnitReportReporter -->
<testsuite hostname="LAPTOP-76HAPQ6V" failures="0" tests="2" name="TestNG.Ex3_EmailableReport" time="0.007" errors="0" timestamp="2023-08-23T22:24:43 IST" skipped="0">
  <testcase classname="TestNG.Ex3_EmailableReport" name="TC1" time="0.007"/>
  <system-out>
    <![CDATA[TC1 is Pass]]>
  </system-out>
  <testcase classname="TestNG.Ex3_EmailableReport" name="TC2" time="0.000"/>
  <system-out>
    <![CDATA[Tc2 is pass]]>
  </system-out>
</testsuite> <!-- TestNG.Ex3_EmailableReport -->
