<?xml version="1.0" encoding="UTF-8"?>
<!-- Generated by org.testng.reporters.JUnitReportReporter -->
<testsuite hostname="LAPTOP-76HAPQ6V" failures="0" tests="1" name="TestNG.Ex3_TestNGAnnotations" time="0.006" errors="0" timestamp="2023-08-23T22:40:53 IST" skipped="0">
  <testcase classname="TestNG.Ex3_TestNGAnnotations" name="TC1" time="0.006"/>
  <system-out>
    <![CDATA[TC1 is pass]]>
  </system-out>
</testsuite> <!-- TestNG.Ex3_TestNGAnnotations -->
